<?xml version="1.0" encoding="UTF-8"?>
<testsuite xmlns:xsi="http://www.w3.org/2001/XMLSchema-instance" xsi:noNamespaceSchemaLocation="https://maven.apache.org/surefire/maven-surefire-plugin/xsd/surefire-test-report-3.0.xsd" version="3.0" name="pl.polsl.testModel.ModelTest" time="1.022" tests="40" errors="0" skipped="0" failures="0">
  <properties>
[...]
</properties>
  <testcase name="testSelectUserStatusByID(String)[1]" classname="pl.polsl.testModel.ModelTest" time="0.218">
    <system-err><![CDATA[Table/View 'AUDIOBOOKS' już istnieje w Schema 'APP'.
]]></system-err>
  </testcase>
  <testcase name="testSelectUserStatusByID(String)[2]" classname="pl.polsl.testModel.ModelTest" time="0.03">
    <system-err><![CDATA[Table/View 'AUDIOBOOKS' już istnieje w Schema 'APP'.
]]></system-err>
  </testcase>
  <testcase name="testSelectUserStatusByID(String)[3]" classname="pl.polsl.testModel.ModelTest" time="0.024">
    <system-err><![CDATA[Table/View 'AUDIOBOOKS' już istnieje w Schema 'APP'.
]]></system-err>
  </testcase>
  <testcase name="testSelectUserStatusByID(String, String)[1]" classname="pl.polsl.testModel.ModelTest" time="0.029">
    <system-err><![CDATA[Table/View 'AUDIOBOOKS' już istnieje w Schema 'APP'.
]]></system-err>
  </testcase>
  <testcase name="testSelectUserStatusByID(String, String)[2]" classname="pl.polsl.testModel.ModelTest" time="0.021">
    <system-err><![CDATA[Table/View 'AUDIOBOOKS' już istnieje w Schema 'APP'.
]]></system-err>
  </testcase>
  <testcase name="testInsertAudiobook(String, String, String, Double)[1]" classname="pl.polsl.testModel.ModelTest" time="0.022">
    <system-err><![CDATA[Table/View 'AUDIOBOOKS' już istnieje w Schema 'APP'.
]]></system-err>
  </testcase>
  <testcase name="testInsertAudiobook(String, String, String, Double, String)[1]" classname="pl.polsl.testModel.ModelTest" time="0.019">
    <system-err><![CDATA[Table/View 'AUDIOBOOKS' już istnieje w Schema 'APP'.
]]></system-err>
  </testcase>
  <testcase name="testInsertAudiobook(String, String, String, Double, String)[2]" classname="pl.polsl.testModel.ModelTest" time="0.019">
    <system-err><![CDATA[Table/View 'AUDIOBOOKS' już istnieje w Schema 'APP'.
]]></system-err>
  </testcase>
  <testcase name="testInsertAudiobook(String, String, String, Double, String)[3]" classname="pl.polsl.testModel.ModelTest" time="0.017">
    <system-err><![CDATA[Table/View 'AUDIOBOOKS' już istnieje w Schema 'APP'.
]]></system-err>
  </testcase>
  <testcase name="testInsertAudiobook(String, String, String, Double, String)[4]" classname="pl.polsl.testModel.ModelTest" time="0.019">
    <system-err><![CDATA[Table/View 'AUDIOBOOKS' już istnieje w Schema 'APP'.
]]></system-err>
  </testcase>
  <testcase name="testInsertAudiobook(String, String, String, Double, String)[5]" classname="pl.polsl.testModel.ModelTest" time="0.017">
    <system-err><![CDATA[Table/View 'AUDIOBOOKS' już istnieje w Schema 'APP'.
]]></system-err>
  </testcase>
  <testcase name="testInsertAudiobook(String, String, String, Double, String)[6]" classname="pl.polsl.testModel.ModelTest" time="0.018">
    <system-err><![CDATA[Table/View 'AUDIOBOOKS' już istnieje w Schema 'APP'.
]]></system-err>
  </testcase>
  <testcase name="testSelectLendAll(int, int, int, String, String)[1]" classname="pl.polsl.testModel.ModelTest" time="0.023">
    <system-err><![CDATA[Table/View 'AUDIOBOOKS' już istnieje w Schema 'APP'.
]]></system-err>
  </testcase>
  <testcase name="testSelectUsersAllExceptions(Connection, String)[1]" classname="pl.polsl.testModel.ModelTest" time="0.026">
    <system-err><![CDATA[Table/View 'AUDIOBOOKS' już istnieje w Schema 'APP'.
]]></system-err>
  </testcase>
  <testcase name="testSelectAudiobookByID(String)[1]" classname="pl.polsl.testModel.ModelTest" time="0.02">
    <system-err><![CDATA[Table/View 'AUDIOBOOKS' już istnieje w Schema 'APP'.
]]></system-err>
  </testcase>
  <testcase name="testSelectAudiobookByID(String)[2]" classname="pl.polsl.testModel.ModelTest" time="0.018">
    <system-err><![CDATA[Table/View 'AUDIOBOOKS' już istnieje w Schema 'APP'.
]]></system-err>
  </testcase>
  <testcase name="testSelectAudiobookByID(String)[3]" classname="pl.polsl.testModel.ModelTest" time="0.017">
    <system-err><![CDATA[Table/View 'AUDIOBOOKS' już istnieje w Schema 'APP'.
]]></system-err>
  </testcase>
  <testcase name="testSelectAudiobookByID(String)[4]" classname="pl.polsl.testModel.ModelTest" time="0.017">
    <system-err><![CDATA[Table/View 'AUDIOBOOKS' już istnieje w Schema 'APP'.
]]></system-err>
  </testcase>
  <testcase name="testSelectAudiobookByID(String, String)[1]" classname="pl.polsl.testModel.ModelTest" time="0.016">
    <system-err><![CDATA[Table/View 'AUDIOBOOKS' już istnieje w Schema 'APP'.
]]></system-err>
  </testcase>
  <testcase name="testSelectAudiobookByID(String, String)[2]" classname="pl.polsl.testModel.ModelTest" time="0.017">
    <system-err><![CDATA[Table/View 'AUDIOBOOKS' już istnieje w Schema 'APP'.
]]></system-err>
  </testcase>
  <testcase name="testSelectAudiobooksAll(int, String, String)[1]" classname="pl.polsl.testModel.ModelTest" time="0.019">
    <system-err><![CDATA[Table/View 'AUDIOBOOKS' już istnieje w Schema 'APP'.
]]></system-err>
  </testcase>
  <testcase name="testSelectUsersAll(int, String, String)[1]" classname="pl.polsl.testModel.ModelTest" time="0.017">
    <system-err><![CDATA[Table/View 'AUDIOBOOKS' już istnieje w Schema 'APP'.
]]></system-err>
  </testcase>
  <testcase name="testSelectAudiobooksByGenre(String)[1]" classname="pl.polsl.testModel.ModelTest" time="0.017">
    <system-err><![CDATA[Table/View 'AUDIOBOOKS' już istnieje w Schema 'APP'.
]]></system-err>
  </testcase>
  <testcase name="testSelectAudiobooksByGenre(String)[2]" classname="pl.polsl.testModel.ModelTest" time="0.017">
    <system-err><![CDATA[Table/View 'AUDIOBOOKS' już istnieje w Schema 'APP'.
]]></system-err>
  </testcase>
  <testcase name="testSelectAudiobooksByGenre(String)[3]" classname="pl.polsl.testModel.ModelTest" time="0.02">
    <system-err><![CDATA[Table/View 'AUDIOBOOKS' już istnieje w Schema 'APP'.
]]></system-err>
  </testcase>
  <testcase name="testSelectAudiobooksByGenre(String)[4]" classname="pl.polsl.testModel.ModelTest" time="0.025">
    <system-err><![CDATA[Table/View 'AUDIOBOOKS' już istnieje w Schema 'APP'.
]]></system-err>
  </testcase>
  <testcase name="testLendAudiobook(String, String)[1]" classname="pl.polsl.testModel.ModelTest" time="0.029">
    <system-err><![CDATA[Table/View 'AUDIOBOOKS' już istnieje w Schema 'APP'.
]]></system-err>
  </testcase>
  <testcase name="testLendAudiobook(String, String, String)[1]" classname="pl.polsl.testModel.ModelTest" time="0.017">
    <system-err><![CDATA[Table/View 'AUDIOBOOKS' już istnieje w Schema 'APP'.
]]></system-err>
  </testcase>
  <testcase name="testLendAudiobook(String, String, String)[2]" classname="pl.polsl.testModel.ModelTest" time="0.017">
    <system-err><![CDATA[Table/View 'AUDIOBOOKS' już istnieje w Schema 'APP'.
]]></system-err>
  </testcase>
  <testcase name="testSelectAudiobookByGenreInvalidGenre(String)[1]" classname="pl.polsl.testModel.ModelTest" time="0.017">
    <system-err><![CDATA[Table/View 'AUDIOBOOKS' już istnieje w Schema 'APP'.
]]></system-err>
  </testcase>
  <testcase name="testSelectAudiobookByGenreInvalidGenre(String)[2]" classname="pl.polsl.testModel.ModelTest" time="0.017">
    <system-err><![CDATA[Table/View 'AUDIOBOOKS' już istnieje w Schema 'APP'.
]]></system-err>
  </testcase>
  <testcase name="selectAudiobooksByGenreNegative(String, String)[1]" classname="pl.polsl.testModel.ModelTest" time="0.018">
    <system-err><![CDATA[Table/View 'AUDIOBOOKS' już istnieje w Schema 'APP'.
]]></system-err>
  </testcase>
  <testcase name="testSelectLendAllExceptions(Connection, String)[1]" classname="pl.polsl.testModel.ModelTest" time="0.016">
    <system-err><![CDATA[Table/View 'AUDIOBOOKS' już istnieje w Schema 'APP'.
]]></system-err>
  </testcase>
  <testcase name="testSelectAudiobooksAllExceptions(Connection, String)[1]" classname="pl.polsl.testModel.ModelTest" time="0.014">
    <system-err><![CDATA[Table/View 'AUDIOBOOKS' już istnieje w Schema 'APP'.
]]></system-err>
  </testcase>
  <testcase name="testSelectUserByLogInData(String, String)[1]" classname="pl.polsl.testModel.ModelTest" time="0.017">
    <system-err><![CDATA[Table/View 'AUDIOBOOKS' już istnieje w Schema 'APP'.
]]></system-err>
  </testcase>
  <testcase name="testSelectUserByLogInData(String, String)[2]" classname="pl.polsl.testModel.ModelTest" time="0.017">
    <system-err><![CDATA[Table/View 'AUDIOBOOKS' już istnieje w Schema 'APP'.
]]></system-err>
  </testcase>
  <testcase name="testSelectUserByLogInData(String, String, String)[1]" classname="pl.polsl.testModel.ModelTest" time="0.017">
    <system-err><![CDATA[Table/View 'AUDIOBOOKS' już istnieje w Schema 'APP'.
]]></system-err>
  </testcase>
  <testcase name="testSelectUserByLogInData(String, String, String)[2]" classname="pl.polsl.testModel.ModelTest" time="0.017">
    <system-err><![CDATA[Table/View 'AUDIOBOOKS' już istnieje w Schema 'APP'.
]]></system-err>
  </testcase>
  <testcase name="testSelectUserByLogInDataUnseccesful(String, String)[1]" classname="pl.polsl.testModel.ModelTest" time="0.017">
    <system-err><![CDATA[Table/View 'AUDIOBOOKS' już istnieje w Schema 'APP'.
]]></system-err>
  </testcase>
  <testcase name="testSelectUserByLogInDataUnseccesful(String, String)[2]" classname="pl.polsl.testModel.ModelTest" time="0.016">
    <system-err><![CDATA[Table/View 'AUDIOBOOKS' już istnieje w Schema 'APP'.
]]></system-err>
  </testcase>
</testsuite>